 ****** PrimeSim HSPICE -- V-2023.12-SP2-1 linux64 (Jul 08 2024 9057313) ******
  Copyright (c) 1986 - 2025 by Synopsys, Inc. All Rights Reserved.
  This software and the associated documentation are proprietary
  to Synopsys, Inc. This software may only be used in accordance
  with the terms and conditions of a written license agreement with
  Synopsys, Inc. All other use, reproduction, or distribution of
  this software is strictly prohibited.
  Input File: SRAM_read_SNM_Single_Ended.sp                                     
  Command line options: /package/eda2/synopsys/hspice/V-2023.12-SP2-1/hspice/linux64/hspice -i SRAM_read_SNM_Single_Ended.sp -o Outputs/
  Start time: Tue Nov 25 00:25:10 2025
 lic:  
 lic: FLEXlm: SDK_12.11.9.5 
 lic: USER:   chakr151             HOSTNAME: ececomp1.ecn.purdue.edu 
 lic: HOSTID: 2e802104             PID:      751608 
 lic: Using FLEXlm license file: 
 lic: 1718@marina.ecn.purdue.edu 
 lic: Checkout 1 hspice 
 lic: License/Maintenance for hspice will expire on 08-sep-2026/2025.06 
 lic: 1(in_use)/50(total) FLOATING license(s) on SERVER 1718@marina.ecn.purdue.edu 
 lic:   
  
  ******  Machine Information  ***********************************
  CPU:
  model name	: AMD EPYC 7513 32-Core Processor
  cpu MHz	: 2595.013
 CPU(s)		: 128
  
  OS:
  Linux version 4.18.0-553.78.1.el8_10.x86_64 (mockbuild@host-100-100-224-106) (gcc version 8.5.0 20210514 (Red Hat 8.5.0-28.0.1) (GCC)) #1 SMP Tue Oct 7 02:24:16 PDT 2025

 System loadavg :  16.48 17.11 18.83 17/70796 751627

  ******  Loading Files  *****************************************
  Loading 'SRAM_read_SNM_Single_Ended.sp '
  Loading '/package/eda2/synopsys/hspice/V-2023.12-SP2-1/hspice/hspice.ini '
  Loading './FEFET_LK_Model_ICDL_PSU/MOSFET_LIB.lib '
  Loading './FEFET_LK_Model_ICDL_PSU/./MOSFET_MODELS/22fet_hp.pm '
  **warning** (SRAM_read_SNM_Single_Ended.sp:25) Global net name "vdd" in subckt pin list. The pin will be connected to the local net. Recommend to not use global net names in subckt pin lists.
  **warning** (nmos:x_acc1.mnfet (./FEFET_LK_Model_ICDL_PSU/MOSFET_LIB.lib:113)) Warning:  Acde = 0.245565 may be too small in BSIM4 model with w=3.3e-08 l=2.2e-08.
  

  **warning** the following singular supplies were terminated to 1 meg resistor 
          supply       node1            node2
(SRAM_read_SNM_Single_Ended.sp:91)e_snm_diff              0:n_diff           defined in subckt 0                     0:0                defined in subckt 0               
      
 **info** set option symb=1 internally to help for convergence.
 ******  Options set in the netlist  ****************************
 co      = 131       dccap   = 1         ingold  = 1         
 lis_new = 1         measform= 3         method  = trap      
 post    = binary    runlvl  = 6         
 search  = /package/eda2/synopsys/hspice/V-2023.12-SP2-1/hspice/parts/behave
  
  
  ******  Summary of possible problems in netlist  ***************
  Negative resistor :      0
  Negative capacitor:      0
  Negative inductor :      0
  Unconnected node  :      0
  Dangling terminal :      0
  Source loop       :      0
  
  ******  Circuit Statistics  ************************************
  Resistors           :       1
  VCVS                :       1
  Voltage Sources     :       6
  MOSFETs             :       6
  Total # of Nodes    :      34
  Total # of Elements :      14


  
  ******  Analysis Details  **************************************
  Opening 'Outputs/SRAM_read_SNM_Single_Ended.sw0' for output.
  Waveform Format: POST=Binary, POST_VERSION=2013
  100.00% Elapsed Sweep: 161 Estimated Time Left: 0:00:00        
  DC End
 ******
 *.lib './fefet_lk_model_icdl_psu/mosfet_lib.lib' norm_2dfet

 ****** dc transfer curves tnom=  25.000 temp=  25.000 ******
 
  ******  Measured values for the netlist  ***********************
 max_diff=   1.6000    at=   0.        
             from=   0.            to=   0.8000
 read_snm=   1.1314

          ***** job concluded
 ****** PrimeSim HSPICE -- V-2023.12-SP2-1 linux64 (Jul 08 2024 9057313) ******
 ******  
 *.lib './fefet_lk_model_icdl_psu/mosfet_lib.lib' norm_2dfet

 ****** job statistics summary tnom=  25.000 temp=  25.000 ******

  ******  PrimeSim HSPICE Threads Information  ******

  Command Line Threads Count :     1
  Available CPU Count        :   128
  Actual Threads Count       :     1



  ******  Runtime Statistics (seconds)  ******

  analysis           time    # points   tot. iter  conv.iter
  op point           0.00           1           0
  dc sweep           0.01         161         348
  readin             0.02
  errchk             0.00
  setup              0.00
  output             0.00


           peak memory used        559.15 megabytes
           total cpu time            0.04 seconds
           total elapsed time        0.07 seconds
           job started at     00:25:10 11/25/2025
           job ended   at     00:25:10 11/25/2025
           job total runtime         0.07 seconds


 lic: Release hspice token(s) 
 lic: total license checkout elapse time:        0.03(s)
